<?xml version="1.0" encoding="UTF-8"?>
<robot generator="Robot 3.2.1 (Python 3.8.2 on linux)" generated="20211129 21:27:29.856" rpa="false">
<suite id="s1" name="Robot Compare Snapshot" source="/home/devasc/labs/devnet-src/sample-app/Network_Monitor/robot_compare_snapshot.robot">
<test id="s1-t1" name="Connect">
<kw name="use genie testbed &quot;${testbed}&quot;" library="genie.libs.robot.GenieRobot">
<doc>Create the genie testbed</doc>
<msg timestamp="20211129 21:27:30.588" level="INFO">+------------------------------------------------------------------------------+
|                            Genie datafiles used:                             |
+------------------------------------------------------------------------------+</msg>
<msg timestamp="20211129 21:27:30.588" level="INFO">Trigger datafile          | </msg>
<msg timestamp="20211129 21:27:30.588" level="INFO">Verification  datafile    | </msg>
<msg timestamp="20211129 21:27:30.588" level="INFO">Pts datafile              | /home/devasc/.local/lib/python3.8/site-packages/genie/libs/sdk/genie_yamls/pts_datafile.yaml</msg>
<msg timestamp="20211129 21:27:30.588" level="INFO">Subsection datafile       | /home/devasc/.local/lib/python3.8/site-packages/genie/libs/sdk/genie_yamls/subsection_datafile.yaml</msg>
<msg timestamp="20211129 21:27:30.588" level="INFO">Config datafile           | None</msg>
<msg timestamp="20211129 21:27:30.626" level="WARN">Could not load the Datafile correctly</msg>
<status status="PASS" starttime="20211129 21:27:30.547" endtime="20211129 21:27:30.626"></status>
</kw>
<kw name="connect to device &quot;R1&quot;" library="pyats.robot.pyATSRobot">
<doc>Connect to device connection as defined in testbed.yaml</doc>
<msg timestamp="20211129 21:27:30.627" level="INFO">Connecting to device 'Device R1, type iosxe'</msg>
<msg timestamp="20211129 21:27:30.627" level="INFO">kwargs: {}</msg>
<msg timestamp="20211129 21:27:31.423" level="INFO">[2021-11-29 21:27:30,628] +++ R1 logfile /tmp/R1-cli-20211129T212730628.log +++
[2021-11-29 21:27:30,628] +++ Unicon plugin iosxe +++
Password: 
[2021-11-29 21:27:30,745] +++ connection to spawn: ssh -l cisco 192.168.56.101, id: 140385422910032 +++
[2021-11-29 21:27:30,745] connection to R1

C
*                                           *
**                                         **
***                                       ***
***  Cisco Networking Academy             ***
***                                       ***
***  This software is provided for        ***
***   Educational Purposes                ***
***    Only in Networking Academies       ***
***                                       ***
**                                         **
*                                           *



R1#
[2021-11-29 21:27:30,815] +++ initializing handle +++
[2021-11-29 21:27:30,816] +++ R1: executing command 'term length 0' +++
term length 0
R1#
[2021-11-29 21:27:30,965] +++ R1: executing command 'term width 0' +++
term width 0
R1#
[2021-11-29 21:27:31,100] +++ R1: executing command 'show version' +++
show version
Cisco IOS XE Software, Version 16.12.03
Cisco IOS Software [Gibraltar], Virtual XE Software (X86_64_LINUX_IOSD-UNIVERSALK9-M), Version 16.12.3, RELEASE SOFTWARE (fc5)
Technical Support: http://www.cisco.com/techsupport
Copyright (c) 1986-2020 by Cisco Systems, Inc.
Compiled Mon 09-Mar-20 21:50 by mcpre


Cisco IOS-XE software, Copyright (c) 2005-2020 by cisco Systems, Inc.
All rights reserved.  Certain components of Cisco IOS-XE software are
licensed under the GNU General Public License ("GPL") Version 2.0.  The
software code licensed under GPL Version 2.0 is free software that comes
with ABSOLUTELY NO WARRANTY.  You can redistribute and/or modify such
GPL code under the terms of GPL Version 2.0.  For more details, see the
documentation or "License Notice" file accompanying the IOS-XE software,
or the applicable URL provided on the flyer accompanying the IOS-XE
software.


ROM: IOS-XE ROMMON

R1 uptime is 51 minutes
Uptime for this control processor is 53 minutes
System returned to ROM by reload
System image file is "bootflash:packages.conf"
Last reload reason: reload



This product contains cryptographic features and is subject to United
States and local country laws governing import, export, transfer and
use. Delivery of Cisco cryptographic products does not imply
third-party authority to import, export, distribute or use encryption.
Importers, exporters, distributors and users are responsible for
compliance with U.S. and local country laws. By using this product you
agree to comply with applicable laws and regulations. If you are unable
to comply with U.S. and local laws, return this product immediately.

A summary of U.S. laws governing Cisco cryptographic products may be found at:
http://www.cisco.com/wwl/export/crypto/tool/stqrg.html

If you require further assistance please contact us by sending email to
export@cisco.com.

License Level: ax
License Type: N/A(Smart License Enabled)
Next reload license Level: ax


Smart Licensing Status: UNREGISTERED/No Licenses in Use

cisco CSR1000V (VXE) processor (revision VXE) with 2080230K/3075K bytes of memory.
Processor board ID 933H0JA77PN
3 Gigabit Ethernet interfaces
32768K bytes of non-volatile configuration memory.
3978476K bytes of physical memory.
6188032K bytes of virtual hard disk at bootflash:.
0K bytes of WebUI ODM Files at webui:.

Configuration register is 0x2102

R1#
[2021-11-29 21:27:31,329] +++ R1: config +++
config term
Enter configuration commands, one per line.  End with CNTL/Z.
R1(config)#no logging console
R1(config)#line console 0
R1(config-line)#exec-timeout 0
R1(config-line)#end
R1#</msg>
<status status="PASS" starttime="20211129 21:27:30.627" endtime="20211129 21:27:31.423"></status>
</kw>
<kw name="connect to device &quot;R2&quot;" library="pyats.robot.pyATSRobot">
<doc>Connect to device connection as defined in testbed.yaml</doc>
<msg timestamp="20211129 21:27:31.424" level="INFO">Connecting to device 'Device R2, type iosxe'</msg>
<msg timestamp="20211129 21:27:31.424" level="INFO">kwargs: {}</msg>
<msg timestamp="20211129 21:27:32.135" level="INFO">[2021-11-29 21:27:31,427] +++ R2 logfile /tmp/R2-cli-20211129T212731427.log +++
[2021-11-29 21:27:31,428] +++ Unicon plugin iosxe +++
Password: 
[2021-11-29 21:27:31,530] +++ connection to spawn: ssh -l cisco 192.168.56.102, id: 140385422632368 +++
[2021-11-29 21:27:31,531] connection to R2

C
*                                           *
**                                         **
***                                       ***
***  Cisco Networking Academy             ***
***                                       ***
***  This software is provided for        ***
***   Educational Purposes                ***
***    Only in Networking Academies       ***
***                                       ***
**                                         **
*                                           *



R2#
[2021-11-29 21:27:31,595] +++ initializing handle +++
[2021-11-29 21:27:31,596] +++ R2: executing command 'term length 0' +++
term length 0
R2#
[2021-11-29 21:27:31,736] +++ R2: executing command 'term width 0' +++
term width 0
R2#
[2021-11-29 21:27:31,891] +++ R2: executing command 'show version' +++
show version
Cisco IOS XE Software, Version 16.12.03
Cisco IOS Software [Gibraltar], Virtual XE Software (X86_64_LINUX_IOSD-UNIVERSALK9-M), Version 16.12.3, RELEASE SOFTWARE (fc5)
Technical Support: http://www.cisco.com/techsupport
Copyright (c) 1986-2020 by Cisco Systems, Inc.
Compiled Mon 09-Mar-20 21:50 by mcpre


Cisco IOS-XE software, Copyright (c) 2005-2020 by cisco Systems, Inc.
All rights reserved.  Certain components of Cisco IOS-XE software are
licensed under the GNU General Public License ("GPL") Version 2.0.  The
software code licensed under GPL Version 2.0 is free software that comes
with ABSOLUTELY NO WARRANTY.  You can redistribute and/or modify such
GPL code under the terms of GPL Version 2.0.  For more details, see the
documentation or "License Notice" file accompanying the IOS-XE software,
or the applicable URL provided on the flyer accompanying the IOS-XE
software.


ROM: IOS-XE ROMMON

R2 uptime is 59 minutes
Uptime for this control processor is 1 hour, 1 minute
System returned to ROM by reload
System image file is "bootflash:packages.conf"
Last reload reason: reload



This product contains cryptographic features and is subject to United
States and local country laws governing import, export, transfer and
use. Delivery of Cisco cryptographic products does not imply
third-party authority to import, export, distribute or use encryption.
Importers, exporters, distributors and users are responsible for
compliance with U.S. and local country laws. By using this product you
agree to comply with applicable laws and regulations. If you are unable
to comply with U.S. and local laws, return this product immediately.

A summary of U.S. laws governing Cisco cryptographic products may be found at:
http://www.cisco.com/wwl/export/crypto/tool/stqrg.html

If you require further assistance please contact us by sending email to
export@cisco.com.

License Level: ax
License Type: N/A(Smart License Enabled)
Next reload license Level: ax


Smart Licensing Status: UNREGISTERED/No Licenses in Use

cisco CSR1000V (VXE) processor (revision VXE) with 2080230K/3075K bytes of memory.
Processor board ID 91BOM0ZLB8R
3 Gigabit Ethernet interfaces
32768K bytes of non-volatile configuration memory.
3978400K bytes of physical memory.
6188032K bytes of virtual hard disk at bootflash:.
0K bytes of WebUI ODM Files at webui:.

Configuration register is 0x2102

R2#
[2021-11-29 21:27:32,041] +++ R2: config +++
config term
Enter configuration commands, one per line.  End with CNTL/Z.
R2(config)#no logging console
R2(config)#line console 0
R2(config-line)#exec-timeout 0
R2(config-line)#end
R2#</msg>
<status status="PASS" starttime="20211129 21:27:31.424" endtime="20211129 21:27:32.135"></status>
</kw>
<status status="PASS" starttime="20211129 21:27:30.546" endtime="20211129 21:27:32.136" critical="yes"></status>
</test>
<test id="s1-t2" name="Profile the devices">
<kw name="Profile the system for &quot;bgp;config;interface;platform;ospf;arp&quot; on devices &quot;R1;R2&quot; as &quot;./new_snapshot&quot;" library="genie.libs.robot.GenieRobot">
<doc>Profile system as per the provided features on the devices</doc>
<msg timestamp="20211129 21:27:32.139" level="INFO">Start learning feature bgp</msg>
<msg timestamp="20211129 21:27:33.306" level="INFO">Could not learn &lt;class 'genie.libs.parser.iosxe.show_bgp.ShowIpBgpTemplatePeerSession'&gt;
Parser Output is empty</msg>
<msg timestamp="20211129 21:27:33.478" level="INFO">Could not learn &lt;class 'genie.libs.parser.iosxe.show_bgp.ShowIpBgpTemplatePeerPolicy'&gt;
Parser Output is empty</msg>
<msg timestamp="20211129 21:27:33.983" level="INFO">Could not learn &lt;class 'genie.libs.parser.iosxe.show_bgp.ShowIpBgpAllDampeningParameters'&gt;
Parser Output is empty</msg>
<msg timestamp="20211129 21:27:34.464" level="INFO">Could not learn &lt;class 'genie.libs.parser.iosxe.show_bgp.ShowBgpAllNeighborsPolicy'&gt;
Parser Output is empty</msg>
<msg timestamp="20211129 21:27:34.638" level="INFO">Could not learn &lt;class 'genie.libs.parser.iosxe.show_bgp.ShowBgpAllNeighborsPolicy'&gt;
Parser Output is empty</msg>
<msg timestamp="20211129 21:27:35.375" level="INFO">Could not learn &lt;class 'genie.libs.parser.iosxe.show_bgp.ShowBgpAllNeighborsAdvertisedRoutes'&gt;
Parser Output is empty</msg>
<msg timestamp="20211129 21:27:35.727" level="INFO">Could not learn &lt;class 'genie.libs.parser.iosxe.show_bgp.ShowBgpAllNeighborsAdvertisedRoutes'&gt;
Parser Output is empty</msg>
<msg timestamp="20211129 21:27:36.068" level="INFO">Could not learn &lt;class 'genie.libs.parser.iosxe.show_bgp.ShowBgpAllNeighborsRoutes'&gt;
Parser Output is empty</msg>
<msg timestamp="20211129 21:27:36.413" level="INFO">Could not learn &lt;class 'genie.libs.parser.iosxe.show_bgp.ShowBgpAllNeighborsRoutes'&gt;
Parser Output is empty</msg>
<msg timestamp="20211129 21:27:36.763" level="INFO">Could not learn &lt;class 'genie.libs.parser.iosxe.show_bgp.ShowBgpAllNeighborsReceivedRoutes'&gt;
Parser Output is empty</msg>
<msg timestamp="20211129 21:27:37.171" level="INFO">Could not learn &lt;class 'genie.libs.parser.iosxe.show_bgp.ShowBgpAllNeighborsReceivedRoutes'&gt;
Parser Output is empty</msg>
<msg timestamp="20211129 21:27:37.172" level="INFO">+====================================================================================================================================================+</msg>
<msg timestamp="20211129 21:27:37.172" level="INFO">| Commands for learning feature 'Bgp'                                                                                                                |</msg>
<msg timestamp="20211129 21:27:37.172" level="INFO">+====================================================================================================================================================+</msg>
<msg timestamp="20211129 21:27:37.172" level="INFO">| - Parsed commands                                                                                                                                  |</msg>
<msg timestamp="20211129 21:27:37.172" level="INFO">|----------------------------------------------------------------------------------------------------------------------------------------------------|</msg>
<msg timestamp="20211129 21:27:37.172" level="INFO">|   cmd: &lt;class 'genie.libs.parser.iosxe.show_bgp.ShowBgpAllSummary'&gt;, arguments: {'address_family':'','vrf':''}                                     |</msg>
<msg timestamp="20211129 21:27:37.172" level="INFO">|   cmd: &lt;class 'genie.libs.parser.iosxe.show_bgp.ShowBgpAllClusterIds'&gt;                                                                             |</msg>
<msg timestamp="20211129 21:27:37.172" level="INFO">|   cmd: &lt;class 'genie.libs.parser.iosxe.show_bgp.ShowBgpAllNeighbors'&gt;, arguments: {'address_family':'','neighbor':''}                              |</msg>
<msg timestamp="20211129 21:27:37.172" level="INFO">|   cmd: &lt;class 'genie.libs.parser.iosxe.show_bgp.ShowBgpAll'&gt;, arguments: {'address_family':''}                                                     |</msg>
<msg timestamp="20211129 21:27:37.172" level="INFO">|   cmd: &lt;class 'genie.libs.parser.iosxe.show_bgp.ShowBgpAllDetail'&gt;, arguments: {'address_family':'','vrf':''}                                      |</msg>
<msg timestamp="20211129 21:27:37.173" level="INFO">|====================================================================================================================================================|</msg>
<msg timestamp="20211129 21:27:37.173" level="INFO">| - Commands with empty output                                                                                                                       |</msg>
<msg timestamp="20211129 21:27:37.173" level="INFO">|----------------------------------------------------------------------------------------------------------------------------------------------------|</msg>
<msg timestamp="20211129 21:27:37.173" level="INFO">|   cmd: &lt;class 'genie.libs.parser.iosxe.show_bgp.ShowIpBgpTemplatePeerSession'&gt;                                                                     |</msg>
<msg timestamp="20211129 21:27:37.173" level="INFO">|   cmd: &lt;class 'genie.libs.parser.iosxe.show_bgp.ShowIpBgpTemplatePeerPolicy'&gt;                                                                      |</msg>
<msg timestamp="20211129 21:27:37.173" level="INFO">|   cmd: &lt;class 'genie.libs.parser.iosxe.show_bgp.ShowIpBgpAllDampeningParameters'&gt;                                                                  |</msg>
<msg timestamp="20211129 21:27:37.173" level="INFO">|   cmd: &lt;class 'genie.libs.parser.iosxe.show_bgp.ShowBgpAllNeighborsPolicy'&gt;, arguments: {'neighbor':'192.168.148.102'}                             |</msg>
<msg timestamp="20211129 21:27:37.173" level="INFO">|   cmd: &lt;class 'genie.libs.parser.iosxe.show_bgp.ShowBgpAllNeighborsPolicy'&gt;, arguments: {'neighbor':'192.168.157.102'}                             |</msg>
<msg timestamp="20211129 21:27:37.173" level="INFO">|   cmd: &lt;class 'genie.libs.parser.iosxe.show_bgp.ShowBgpAllNeighborsAdvertisedRoutes'&gt;, arguments:                                                  |</msg>
<msg timestamp="20211129 21:27:37.173" level="INFO">| {'address_family':'','neighbor':'192.168.148.102'}                                                                                                 |</msg>
<msg timestamp="20211129 21:27:37.173" level="INFO">|   cmd: &lt;class 'genie.libs.parser.iosxe.show_bgp.ShowBgpAllNeighborsAdvertisedRoutes'&gt;, arguments:                                                  |</msg>
<msg timestamp="20211129 21:27:37.173" level="INFO">| {'address_family':'','neighbor':'192.168.157.102'}                                                                                                 |</msg>
<msg timestamp="20211129 21:27:37.173" level="INFO">|   cmd: &lt;class 'genie.libs.parser.iosxe.show_bgp.ShowBgpAllNeighborsRoutes'&gt;, arguments: {'address_family':'','neighbor':'192.168.148.102'}         |</msg>
<msg timestamp="20211129 21:27:37.173" level="INFO">|   cmd: &lt;class 'genie.libs.parser.iosxe.show_bgp.ShowBgpAllNeighborsRoutes'&gt;, arguments: {'address_family':'','neighbor':'192.168.157.102'}         |</msg>
<msg timestamp="20211129 21:27:37.173" level="INFO">|   cmd: &lt;class 'genie.libs.parser.iosxe.show_bgp.ShowBgpAllNeighborsReceivedRoutes'&gt;, arguments: {'address_family':'','neighbor':'192.168.148.102'} |</msg>
<msg timestamp="20211129 21:27:37.173" level="INFO">|   cmd: &lt;class 'genie.libs.parser.iosxe.show_bgp.ShowBgpAllNeighborsReceivedRoutes'&gt;, arguments: {'address_family':'','neighbor':'192.168.157.102'} |</msg>
<msg timestamp="20211129 21:27:37.174" level="INFO">|====================================================================================================================================================|</msg>
<msg timestamp="20211129 21:27:37.174" level="INFO">Start learning device configuration</msg>
<msg timestamp="20211129 21:27:37.378" level="INFO">Start learning feature interface</msg>
<msg timestamp="20211129 21:27:37.520" level="INFO">Could not learn &lt;class 'genie.libs.parser.iosxe.show_vrf.ShowVrf'&gt;
Parser Output is empty</msg>
<msg timestamp="20211129 21:27:38.357" level="INFO">Could not learn &lt;class 'genie.libs.parser.iosxe.show_interface.ShowIpv6Interface'&gt;
Parser Output is empty</msg>
<msg timestamp="20211129 21:27:38.357" level="INFO">+====================================================================================================================================================+</msg>
<msg timestamp="20211129 21:27:38.357" level="INFO">| Commands for learning feature 'Interface'                                                                                                          |</msg>
<msg timestamp="20211129 21:27:38.358" level="INFO">+====================================================================================================================================================+</msg>
<msg timestamp="20211129 21:27:38.358" level="INFO">| - Parsed commands                                                                                                                                  |</msg>
<msg timestamp="20211129 21:27:38.358" level="INFO">|----------------------------------------------------------------------------------------------------------------------------------------------------|</msg>
<msg timestamp="20211129 21:27:38.358" level="INFO">|   cmd: &lt;class 'genie.libs.parser.iosxe.show_interface.ShowInterfaces'&gt;, arguments: {'interface':''}                                                |</msg>
<msg timestamp="20211129 21:27:38.358" level="INFO">|   cmd: &lt;class 'genie.libs.parser.iosxe.show_interface.ShowInterfacesAccounting'&gt;, arguments: {'interface':''}                                      |</msg>
<msg timestamp="20211129 21:27:38.358" level="INFO">|   cmd: &lt;class 'genie.libs.parser.iosxe.show_interface.ShowIpInterface'&gt;, arguments: {'interface':''}                                               |</msg>
<msg timestamp="20211129 21:27:38.358" level="INFO">|====================================================================================================================================================|</msg>
<msg timestamp="20211129 21:27:38.358" level="INFO">| - Commands with empty output                                                                                                                       |</msg>
<msg timestamp="20211129 21:27:38.358" level="INFO">|----------------------------------------------------------------------------------------------------------------------------------------------------|</msg>
<msg timestamp="20211129 21:27:38.358" level="INFO">|   cmd: &lt;class 'genie.libs.parser.iosxe.show_vrf.ShowVrf'&gt;, arguments: {'vrf':''}                                                                   |</msg>
<msg timestamp="20211129 21:27:38.358" level="INFO">|   cmd: &lt;class 'genie.libs.parser.iosxe.show_interface.ShowIpv6Interface'&gt;, arguments: {'interface':''}                                             |</msg>
<msg timestamp="20211129 21:27:38.358" level="INFO">|====================================================================================================================================================|</msg>
<msg timestamp="20211129 21:27:38.391" level="INFO">Start learning feature platform</msg>
<msg timestamp="20211129 21:27:47.431" level="INFO">+====================================================================================================================================================+</msg>
<msg timestamp="20211129 21:27:47.431" level="INFO">| Commands for learning feature 'Platform'                                                                                                           |</msg>
<msg timestamp="20211129 21:27:47.431" level="INFO">+====================================================================================================================================================+</msg>
<msg timestamp="20211129 21:27:47.431" level="INFO">| - Parsed commands                                                                                                                                  |</msg>
<msg timestamp="20211129 21:27:47.431" level="INFO">|----------------------------------------------------------------------------------------------------------------------------------------------------|</msg>
<msg timestamp="20211129 21:27:47.432" level="INFO">|   cmd: &lt;class 'genie.libs.parser.iosxe.show_platform.ShowVersion'&gt;                                                                                 |</msg>
<msg timestamp="20211129 21:27:47.432" level="INFO">|   cmd: &lt;class 'genie.libs.parser.iosxe.show_platform.Dir'&gt;                                                                                         |</msg>
<msg timestamp="20211129 21:27:47.432" level="INFO">|   cmd: &lt;class 'genie.libs.parser.iosxe.show_platform.ShowRedundancy'&gt;                                                                              |</msg>
<msg timestamp="20211129 21:27:47.432" level="INFO">|   cmd: &lt;class 'genie.libs.parser.iosxe.show_platform.ShowInventory'&gt;                                                                               |</msg>
<msg timestamp="20211129 21:27:47.432" level="INFO">|   cmd: &lt;class 'genie.libs.parser.iosxe.show_issu.ShowIssuRollbackTimer'&gt;                                                                           |</msg>
<msg timestamp="20211129 21:27:47.432" level="INFO">|   cmd: &lt;class 'genie.libs.parser.iosxe.show_platform.ShowPlatform'&gt;                                                                                |</msg>
<msg timestamp="20211129 21:27:47.432" level="INFO">|   cmd: &lt;class 'genie.libs.parser.iosxe.show_issu.ShowIssuStateDetail'&gt;                                                                             |</msg>
<msg timestamp="20211129 21:27:47.432" level="INFO">|====================================================================================================================================================|</msg>
<msg timestamp="20211129 21:27:47.436" level="INFO">Start learning feature ospf</msg>
<msg timestamp="20211129 21:27:49.888" level="INFO">Could not learn &lt;class 'genie.libs.parser.iosxe.show_ospf.ShowIpOspfVirtualLinks'&gt;
Parser Output is empty</msg>
<msg timestamp="20211129 21:27:51.694" level="INFO">Could not learn &lt;class 'genie.libs.parser.iosxe.show_ospf.ShowIpOspfNeighborDetail'&gt;
Parser Output is empty</msg>
<msg timestamp="20211129 21:27:51.842" level="INFO">Could not learn &lt;class 'genie.libs.parser.iosxe.show_ospf.ShowIpOspfShamLinks'&gt;
Parser Output is empty</msg>
<msg timestamp="20211129 21:27:51.843" level="INFO">+====================================================================================================================================================+</msg>
<msg timestamp="20211129 21:27:51.843" level="INFO">| Commands for learning feature 'Ospf'                                                                                                               |</msg>
<msg timestamp="20211129 21:27:51.843" level="INFO">+====================================================================================================================================================+</msg>
<msg timestamp="20211129 21:27:51.843" level="INFO">| - Parsed commands                                                                                                                                  |</msg>
<msg timestamp="20211129 21:27:51.843" level="INFO">|----------------------------------------------------------------------------------------------------------------------------------------------------|</msg>
<msg timestamp="20211129 21:27:51.843" level="INFO">|   cmd: &lt;class 'genie.libs.parser.iosxe.show_ospf.ShowIpOspf'&gt;                                                                                      |</msg>
<msg timestamp="20211129 21:27:51.843" level="INFO">|   cmd: &lt;class 'genie.libs.parser.iosxe.show_protocols.ShowIpProtocols'&gt;, arguments: {'vrf':''}                                                     |</msg>
<msg timestamp="20211129 21:27:51.843" level="INFO">|   cmd: &lt;class 'genie.libs.parser.iosxe.show_ospf.ShowIpOspfMplsLdpInterface'&gt;, arguments: {'interface':''}                                         |</msg>
<msg timestamp="20211129 21:27:51.843" level="INFO">|   cmd: &lt;class 'genie.libs.parser.iosxe.show_ospf.ShowIpOspfMplsTrafficEngLink'&gt;                                                                    |</msg>
<msg timestamp="20211129 21:27:51.843" level="INFO">|   cmd: &lt;class 'genie.libs.parser.iosxe.show_ospf.ShowIpOspfDatabaseRouter'&gt;                                                                        |</msg>
<msg timestamp="20211129 21:27:51.843" level="INFO">|   cmd: &lt;class 'genie.libs.parser.iosxe.show_ospf.ShowIpOspfDatabaseNetwork'&gt;                                                                       |</msg>
<msg timestamp="20211129 21:27:51.843" level="INFO">|   cmd: &lt;class 'genie.libs.parser.iosxe.show_ospf.ShowIpOspfDatabaseExternal'&gt;                                                                      |</msg>
<msg timestamp="20211129 21:27:51.843" level="INFO">|   cmd: &lt;class 'genie.libs.parser.iosxe.show_ospf.ShowIpOspfDatabaseSummary'&gt;                                                                       |</msg>
<msg timestamp="20211129 21:27:51.843" level="INFO">|   cmd: &lt;class 'genie.libs.parser.iosxe.show_ospf.ShowIpOspfDatabaseOpaqueArea'&gt;                                                                    |</msg>
<msg timestamp="20211129 21:27:51.843" level="INFO">|   cmd: &lt;class 'genie.libs.parser.iosxe.show_ospf.ShowIpOspfInterface'&gt;, arguments: {'interface':''}                                                |</msg>
<msg timestamp="20211129 21:27:51.844" level="INFO">|====================================================================================================================================================|</msg>
<msg timestamp="20211129 21:27:51.844" level="INFO">| - Commands with empty output                                                                                                                       |</msg>
<msg timestamp="20211129 21:27:51.844" level="INFO">|----------------------------------------------------------------------------------------------------------------------------------------------------|</msg>
<msg timestamp="20211129 21:27:51.844" level="INFO">|   cmd: &lt;class 'genie.libs.parser.iosxe.show_ospf.ShowIpOspfVirtualLinks'&gt;                                                                          |</msg>
<msg timestamp="20211129 21:27:51.844" level="INFO">|   cmd: &lt;class 'genie.libs.parser.iosxe.show_ospf.ShowIpOspfNeighborDetail'&gt;, arguments: {'neighbor':''}                                            |</msg>
<msg timestamp="20211129 21:27:51.844" level="INFO">|   cmd: &lt;class 'genie.libs.parser.iosxe.show_ospf.ShowIpOspfShamLinks'&gt;                                                                             |</msg>
<msg timestamp="20211129 21:27:51.844" level="INFO">|====================================================================================================================================================|</msg>
<msg timestamp="20211129 21:27:51.924" level="INFO">Start learning feature arp</msg>
<msg timestamp="20211129 21:27:52.253" level="INFO">Could not learn &lt;class 'genie.libs.parser.iosxe.show_vrf.ShowVrf'&gt;
Parser Output is empty</msg>
<msg timestamp="20211129 21:27:52.788" level="INFO">+====================================================================================================================================================+</msg>
<msg timestamp="20211129 21:27:52.788" level="INFO">| Commands for learning feature 'Arp'                                                                                                                |</msg>
<msg timestamp="20211129 21:27:52.788" level="INFO">+====================================================================================================================================================+</msg>
<msg timestamp="20211129 21:27:52.788" level="INFO">| - Parsed commands                                                                                                                                  |</msg>
<msg timestamp="20211129 21:27:52.788" level="INFO">|----------------------------------------------------------------------------------------------------------------------------------------------------|</msg>
<msg timestamp="20211129 21:27:52.788" level="INFO">|   cmd: &lt;class 'genie.libs.parser.iosxe.show_arp.ShowIpArp'&gt;                                                                                        |</msg>
<msg timestamp="20211129 21:27:52.788" level="INFO">|   cmd: &lt;class 'genie.libs.parser.iosxe.show_interface.ShowIpInterface'&gt;                                                                            |</msg>
<msg timestamp="20211129 21:27:52.788" level="INFO">|   cmd: &lt;class 'genie.libs.parser.iosxe.show_arp.ShowIpArpSummary'&gt;                                                                                 |</msg>
<msg timestamp="20211129 21:27:52.788" level="INFO">|   cmd: &lt;class 'genie.libs.parser.iosxe.show_arp.ShowIpTraffic'&gt;                                                                                    |</msg>
<msg timestamp="20211129 21:27:52.788" level="INFO">|====================================================================================================================================================|</msg>
<msg timestamp="20211129 21:27:52.788" level="INFO">| - Commands with empty output                                                                                                                       |</msg>
<msg timestamp="20211129 21:27:52.788" level="INFO">|----------------------------------------------------------------------------------------------------------------------------------------------------|</msg>
<msg timestamp="20211129 21:27:52.788" level="INFO">|   cmd: &lt;class 'genie.libs.parser.iosxe.show_vrf.ShowVrf'&gt;                                                                                          |</msg>
<msg timestamp="20211129 21:27:52.789" level="INFO">|====================================================================================================================================================|</msg>
<msg timestamp="20211129 21:27:52.793" level="INFO">Start learning feature bgp</msg>
<msg timestamp="20211129 21:27:53.420" level="INFO">Could not learn &lt;class 'genie.libs.parser.iosxe.show_bgp.ShowIpBgpTemplatePeerSession'&gt;
Parser Output is empty</msg>
<msg timestamp="20211129 21:27:53.606" level="INFO">Could not learn &lt;class 'genie.libs.parser.iosxe.show_bgp.ShowIpBgpTemplatePeerPolicy'&gt;
Parser Output is empty</msg>
<msg timestamp="20211129 21:27:54.068" level="INFO">Could not learn &lt;class 'genie.libs.parser.iosxe.show_bgp.ShowIpBgpAllDampeningParameters'&gt;
Parser Output is empty</msg>
<msg timestamp="20211129 21:27:54.553" level="INFO">Could not learn &lt;class 'genie.libs.parser.iosxe.show_bgp.ShowBgpAllNeighborsPolicy'&gt;
Parser Output is empty</msg>
<msg timestamp="20211129 21:27:54.714" level="INFO">Could not learn &lt;class 'genie.libs.parser.iosxe.show_bgp.ShowBgpAllNeighborsPolicy'&gt;
Parser Output is empty</msg>
<msg timestamp="20211129 21:27:55.453" level="INFO">Could not learn &lt;class 'genie.libs.parser.iosxe.show_bgp.ShowBgpAllNeighborsAdvertisedRoutes'&gt;
Parser Output is empty</msg>
<msg timestamp="20211129 21:27:55.802" level="INFO">Could not learn &lt;class 'genie.libs.parser.iosxe.show_bgp.ShowBgpAllNeighborsAdvertisedRoutes'&gt;
Parser Output is empty</msg>
<msg timestamp="20211129 21:27:56.178" level="INFO">Could not learn &lt;class 'genie.libs.parser.iosxe.show_bgp.ShowBgpAllNeighborsRoutes'&gt;
Parser Output is empty</msg>
<msg timestamp="20211129 21:27:56.591" level="INFO">Could not learn &lt;class 'genie.libs.parser.iosxe.show_bgp.ShowBgpAllNeighborsRoutes'&gt;
Parser Output is empty</msg>
<msg timestamp="20211129 21:27:56.931" level="INFO">Could not learn &lt;class 'genie.libs.parser.iosxe.show_bgp.ShowBgpAllNeighborsReceivedRoutes'&gt;
Parser Output is empty</msg>
<msg timestamp="20211129 21:27:57.329" level="INFO">Could not learn &lt;class 'genie.libs.parser.iosxe.show_bgp.ShowBgpAllNeighborsReceivedRoutes'&gt;
Parser Output is empty</msg>
<msg timestamp="20211129 21:27:57.329" level="INFO">+====================================================================================================================================================+</msg>
<msg timestamp="20211129 21:27:57.329" level="INFO">| Commands for learning feature 'Bgp'                                                                                                                |</msg>
<msg timestamp="20211129 21:27:57.329" level="INFO">+====================================================================================================================================================+</msg>
<msg timestamp="20211129 21:27:57.329" level="INFO">| - Parsed commands                                                                                                                                  |</msg>
<msg timestamp="20211129 21:27:57.329" level="INFO">|----------------------------------------------------------------------------------------------------------------------------------------------------|</msg>
<msg timestamp="20211129 21:27:57.329" level="INFO">|   cmd: &lt;class 'genie.libs.parser.iosxe.show_bgp.ShowBgpAllSummary'&gt;, arguments: {'address_family':'','vrf':''}                                     |</msg>
<msg timestamp="20211129 21:27:57.330" level="INFO">|   cmd: &lt;class 'genie.libs.parser.iosxe.show_bgp.ShowBgpAllClusterIds'&gt;                                                                             |</msg>
<msg timestamp="20211129 21:27:57.330" level="INFO">|   cmd: &lt;class 'genie.libs.parser.iosxe.show_bgp.ShowBgpAllNeighbors'&gt;, arguments: {'address_family':'','neighbor':''}                              |</msg>
<msg timestamp="20211129 21:27:57.330" level="INFO">|   cmd: &lt;class 'genie.libs.parser.iosxe.show_bgp.ShowBgpAll'&gt;, arguments: {'address_family':''}                                                     |</msg>
<msg timestamp="20211129 21:27:57.330" level="INFO">|   cmd: &lt;class 'genie.libs.parser.iosxe.show_bgp.ShowBgpAllDetail'&gt;, arguments: {'address_family':'','vrf':''}                                      |</msg>
<msg timestamp="20211129 21:27:57.330" level="INFO">|====================================================================================================================================================|</msg>
<msg timestamp="20211129 21:27:57.330" level="INFO">| - Commands with empty output                                                                                                                       |</msg>
<msg timestamp="20211129 21:27:57.330" level="INFO">|----------------------------------------------------------------------------------------------------------------------------------------------------|</msg>
<msg timestamp="20211129 21:27:57.330" level="INFO">|   cmd: &lt;class 'genie.libs.parser.iosxe.show_bgp.ShowIpBgpTemplatePeerSession'&gt;                                                                     |</msg>
<msg timestamp="20211129 21:27:57.330" level="INFO">|   cmd: &lt;class 'genie.libs.parser.iosxe.show_bgp.ShowIpBgpTemplatePeerPolicy'&gt;                                                                      |</msg>
<msg timestamp="20211129 21:27:57.330" level="INFO">|   cmd: &lt;class 'genie.libs.parser.iosxe.show_bgp.ShowIpBgpAllDampeningParameters'&gt;                                                                  |</msg>
<msg timestamp="20211129 21:27:57.330" level="INFO">|   cmd: &lt;class 'genie.libs.parser.iosxe.show_bgp.ShowBgpAllNeighborsPolicy'&gt;, arguments: {'neighbor':'192.168.148.101'}                             |</msg>
<msg timestamp="20211129 21:27:57.330" level="INFO">|   cmd: &lt;class 'genie.libs.parser.iosxe.show_bgp.ShowBgpAllNeighborsPolicy'&gt;, arguments: {'neighbor':'192.168.157.101'}                             |</msg>
<msg timestamp="20211129 21:27:57.330" level="INFO">|   cmd: &lt;class 'genie.libs.parser.iosxe.show_bgp.ShowBgpAllNeighborsAdvertisedRoutes'&gt;, arguments:                                                  |</msg>
<msg timestamp="20211129 21:27:57.330" level="INFO">| {'address_family':'','neighbor':'192.168.148.101'}                                                                                                 |</msg>
<msg timestamp="20211129 21:27:57.330" level="INFO">|   cmd: &lt;class 'genie.libs.parser.iosxe.show_bgp.ShowBgpAllNeighborsAdvertisedRoutes'&gt;, arguments:                                                  |</msg>
<msg timestamp="20211129 21:27:57.331" level="INFO">| {'address_family':'','neighbor':'192.168.157.101'}                                                                                                 |</msg>
<msg timestamp="20211129 21:27:57.331" level="INFO">|   cmd: &lt;class 'genie.libs.parser.iosxe.show_bgp.ShowBgpAllNeighborsRoutes'&gt;, arguments: {'address_family':'','neighbor':'192.168.148.101'}         |</msg>
<msg timestamp="20211129 21:27:57.331" level="INFO">|   cmd: &lt;class 'genie.libs.parser.iosxe.show_bgp.ShowBgpAllNeighborsRoutes'&gt;, arguments: {'address_family':'','neighbor':'192.168.157.101'}         |</msg>
<msg timestamp="20211129 21:27:57.331" level="INFO">|   cmd: &lt;class 'genie.libs.parser.iosxe.show_bgp.ShowBgpAllNeighborsReceivedRoutes'&gt;, arguments: {'address_family':'','neighbor':'192.168.148.101'} |</msg>
<msg timestamp="20211129 21:27:57.331" level="INFO">|   cmd: &lt;class 'genie.libs.parser.iosxe.show_bgp.ShowBgpAllNeighborsReceivedRoutes'&gt;, arguments: {'address_family':'','neighbor':'192.168.157.101'} |</msg>
<msg timestamp="20211129 21:27:57.331" level="INFO">|====================================================================================================================================================|</msg>
<msg timestamp="20211129 21:27:57.331" level="INFO">Start learning device configuration</msg>
<msg timestamp="20211129 21:27:57.562" level="INFO">Start learning feature interface</msg>
<msg timestamp="20211129 21:27:57.718" level="INFO">Could not learn &lt;class 'genie.libs.parser.iosxe.show_vrf.ShowVrf'&gt;
Parser Output is empty</msg>
<msg timestamp="20211129 21:27:58.505" level="INFO">Could not learn &lt;class 'genie.libs.parser.iosxe.show_interface.ShowIpv6Interface'&gt;
Parser Output is empty</msg>
<msg timestamp="20211129 21:27:58.506" level="INFO">+====================================================================================================================================================+</msg>
<msg timestamp="20211129 21:27:58.506" level="INFO">| Commands for learning feature 'Interface'                                                                                                          |</msg>
<msg timestamp="20211129 21:27:58.506" level="INFO">+====================================================================================================================================================+</msg>
<msg timestamp="20211129 21:27:58.506" level="INFO">| - Parsed commands                                                                                                                                  |</msg>
<msg timestamp="20211129 21:27:58.506" level="INFO">|----------------------------------------------------------------------------------------------------------------------------------------------------|</msg>
<msg timestamp="20211129 21:27:58.506" level="INFO">|   cmd: &lt;class 'genie.libs.parser.iosxe.show_interface.ShowInterfaces'&gt;, arguments: {'interface':''}                                                |</msg>
<msg timestamp="20211129 21:27:58.506" level="INFO">|   cmd: &lt;class 'genie.libs.parser.iosxe.show_interface.ShowInterfacesAccounting'&gt;, arguments: {'interface':''}                                      |</msg>
<msg timestamp="20211129 21:27:58.506" level="INFO">|   cmd: &lt;class 'genie.libs.parser.iosxe.show_interface.ShowIpInterface'&gt;, arguments: {'interface':''}                                               |</msg>
<msg timestamp="20211129 21:27:58.506" level="INFO">|====================================================================================================================================================|</msg>
<msg timestamp="20211129 21:27:58.507" level="INFO">| - Commands with empty output                                                                                                                       |</msg>
<msg timestamp="20211129 21:27:58.507" level="INFO">|----------------------------------------------------------------------------------------------------------------------------------------------------|</msg>
<msg timestamp="20211129 21:27:58.507" level="INFO">|   cmd: &lt;class 'genie.libs.parser.iosxe.show_vrf.ShowVrf'&gt;, arguments: {'vrf':''}                                                                   |</msg>
<msg timestamp="20211129 21:27:58.507" level="INFO">|   cmd: &lt;class 'genie.libs.parser.iosxe.show_interface.ShowIpv6Interface'&gt;, arguments: {'interface':''}                                             |</msg>
<msg timestamp="20211129 21:27:58.507" level="INFO">|====================================================================================================================================================|</msg>
<msg timestamp="20211129 21:27:58.541" level="INFO">Start learning feature platform</msg>
<msg timestamp="20211129 21:28:07.495" level="INFO">+====================================================================================================================================================+</msg>
<msg timestamp="20211129 21:28:07.495" level="INFO">| Commands for learning feature 'Platform'                                                                                                           |</msg>
<msg timestamp="20211129 21:28:07.495" level="INFO">+====================================================================================================================================================+</msg>
<msg timestamp="20211129 21:28:07.495" level="INFO">| - Parsed commands                                                                                                                                  |</msg>
<msg timestamp="20211129 21:28:07.495" level="INFO">|----------------------------------------------------------------------------------------------------------------------------------------------------|</msg>
<msg timestamp="20211129 21:28:07.495" level="INFO">|   cmd: &lt;class 'genie.libs.parser.iosxe.show_platform.ShowVersion'&gt;                                                                                 |</msg>
<msg timestamp="20211129 21:28:07.495" level="INFO">|   cmd: &lt;class 'genie.libs.parser.iosxe.show_platform.Dir'&gt;                                                                                         |</msg>
<msg timestamp="20211129 21:28:07.495" level="INFO">|   cmd: &lt;class 'genie.libs.parser.iosxe.show_platform.ShowRedundancy'&gt;                                                                              |</msg>
<msg timestamp="20211129 21:28:07.495" level="INFO">|   cmd: &lt;class 'genie.libs.parser.iosxe.show_platform.ShowInventory'&gt;                                                                               |</msg>
<msg timestamp="20211129 21:28:07.495" level="INFO">|   cmd: &lt;class 'genie.libs.parser.iosxe.show_issu.ShowIssuRollbackTimer'&gt;                                                                           |</msg>
<msg timestamp="20211129 21:28:07.495" level="INFO">|   cmd: &lt;class 'genie.libs.parser.iosxe.show_platform.ShowPlatform'&gt;                                                                                |</msg>
<msg timestamp="20211129 21:28:07.496" level="INFO">|   cmd: &lt;class 'genie.libs.parser.iosxe.show_issu.ShowIssuStateDetail'&gt;                                                                             |</msg>
<msg timestamp="20211129 21:28:07.496" level="INFO">|====================================================================================================================================================|</msg>
<msg timestamp="20211129 21:28:07.500" level="INFO">Start learning feature ospf</msg>
<msg timestamp="20211129 21:28:10.027" level="INFO">Could not learn &lt;class 'genie.libs.parser.iosxe.show_ospf.ShowIpOspfVirtualLinks'&gt;
Parser Output is empty</msg>
<msg timestamp="20211129 21:28:11.930" level="INFO">Could not learn &lt;class 'genie.libs.parser.iosxe.show_ospf.ShowIpOspfNeighborDetail'&gt;
Parser Output is empty</msg>
<msg timestamp="20211129 21:28:12.112" level="INFO">Could not learn &lt;class 'genie.libs.parser.iosxe.show_ospf.ShowIpOspfShamLinks'&gt;
Parser Output is empty</msg>
<msg timestamp="20211129 21:28:12.113" level="INFO">+====================================================================================================================================================+</msg>
<msg timestamp="20211129 21:28:12.113" level="INFO">| Commands for learning feature 'Ospf'                                                                                                               |</msg>
<msg timestamp="20211129 21:28:12.113" level="INFO">+====================================================================================================================================================+</msg>
<msg timestamp="20211129 21:28:12.113" level="INFO">| - Parsed commands                                                                                                                                  |</msg>
<msg timestamp="20211129 21:28:12.113" level="INFO">|----------------------------------------------------------------------------------------------------------------------------------------------------|</msg>
<msg timestamp="20211129 21:28:12.113" level="INFO">|   cmd: &lt;class 'genie.libs.parser.iosxe.show_ospf.ShowIpOspf'&gt;                                                                                      |</msg>
<msg timestamp="20211129 21:28:12.113" level="INFO">|   cmd: &lt;class 'genie.libs.parser.iosxe.show_protocols.ShowIpProtocols'&gt;, arguments: {'vrf':''}                                                     |</msg>
<msg timestamp="20211129 21:28:12.113" level="INFO">|   cmd: &lt;class 'genie.libs.parser.iosxe.show_ospf.ShowIpOspfMplsLdpInterface'&gt;, arguments: {'interface':''}                                         |</msg>
<msg timestamp="20211129 21:28:12.113" level="INFO">|   cmd: &lt;class 'genie.libs.parser.iosxe.show_ospf.ShowIpOspfMplsTrafficEngLink'&gt;                                                                    |</msg>
<msg timestamp="20211129 21:28:12.114" level="INFO">|   cmd: &lt;class 'genie.libs.parser.iosxe.show_ospf.ShowIpOspfDatabaseRouter'&gt;                                                                        |</msg>
<msg timestamp="20211129 21:28:12.114" level="INFO">|   cmd: &lt;class 'genie.libs.parser.iosxe.show_ospf.ShowIpOspfDatabaseNetwork'&gt;                                                                       |</msg>
<msg timestamp="20211129 21:28:12.114" level="INFO">|   cmd: &lt;class 'genie.libs.parser.iosxe.show_ospf.ShowIpOspfDatabaseExternal'&gt;                                                                      |</msg>
<msg timestamp="20211129 21:28:12.114" level="INFO">|   cmd: &lt;class 'genie.libs.parser.iosxe.show_ospf.ShowIpOspfDatabaseSummary'&gt;                                                                       |</msg>
<msg timestamp="20211129 21:28:12.114" level="INFO">|   cmd: &lt;class 'genie.libs.parser.iosxe.show_ospf.ShowIpOspfDatabaseOpaqueArea'&gt;                                                                    |</msg>
<msg timestamp="20211129 21:28:12.114" level="INFO">|   cmd: &lt;class 'genie.libs.parser.iosxe.show_ospf.ShowIpOspfInterface'&gt;, arguments: {'interface':''}                                                |</msg>
<msg timestamp="20211129 21:28:12.114" level="INFO">|====================================================================================================================================================|</msg>
<msg timestamp="20211129 21:28:12.114" level="INFO">| - Commands with empty output                                                                                                                       |</msg>
<msg timestamp="20211129 21:28:12.115" level="INFO">|----------------------------------------------------------------------------------------------------------------------------------------------------|</msg>
<msg timestamp="20211129 21:28:12.115" level="INFO">|   cmd: &lt;class 'genie.libs.parser.iosxe.show_ospf.ShowIpOspfVirtualLinks'&gt;                                                                          |</msg>
<msg timestamp="20211129 21:28:12.115" level="INFO">|   cmd: &lt;class 'genie.libs.parser.iosxe.show_ospf.ShowIpOspfNeighborDetail'&gt;, arguments: {'neighbor':''}                                            |</msg>
<msg timestamp="20211129 21:28:12.115" level="INFO">|   cmd: &lt;class 'genie.libs.parser.iosxe.show_ospf.ShowIpOspfShamLinks'&gt;                                                                             |</msg>
<msg timestamp="20211129 21:28:12.115" level="INFO">|====================================================================================================================================================|</msg>
<msg timestamp="20211129 21:28:12.195" level="INFO">Start learning feature arp</msg>
<msg timestamp="20211129 21:28:12.649" level="INFO">Could not learn &lt;class 'genie.libs.parser.iosxe.show_vrf.ShowVrf'&gt;
Parser Output is empty</msg>
<msg timestamp="20211129 21:28:13.169" level="INFO">+====================================================================================================================================================+</msg>
<msg timestamp="20211129 21:28:13.169" level="INFO">| Commands for learning feature 'Arp'                                                                                                                |</msg>
<msg timestamp="20211129 21:28:13.169" level="INFO">+====================================================================================================================================================+</msg>
<msg timestamp="20211129 21:28:13.169" level="INFO">| - Parsed commands                                                                                                                                  |</msg>
<msg timestamp="20211129 21:28:13.169" level="INFO">|----------------------------------------------------------------------------------------------------------------------------------------------------|</msg>
<msg timestamp="20211129 21:28:13.169" level="INFO">|   cmd: &lt;class 'genie.libs.parser.iosxe.show_arp.ShowIpArp'&gt;                                                                                        |</msg>
<msg timestamp="20211129 21:28:13.169" level="INFO">|   cmd: &lt;class 'genie.libs.parser.iosxe.show_interface.ShowIpInterface'&gt;                                                                            |</msg>
<msg timestamp="20211129 21:28:13.169" level="INFO">|   cmd: &lt;class 'genie.libs.parser.iosxe.show_arp.ShowIpArpSummary'&gt;                                                                                 |</msg>
<msg timestamp="20211129 21:28:13.169" level="INFO">|   cmd: &lt;class 'genie.libs.parser.iosxe.show_arp.ShowIpTraffic'&gt;                                                                                    |</msg>
<msg timestamp="20211129 21:28:13.169" level="INFO">|====================================================================================================================================================|</msg>
<msg timestamp="20211129 21:28:13.169" level="INFO">| - Commands with empty output                                                                                                                       |</msg>
<msg timestamp="20211129 21:28:13.169" level="INFO">|----------------------------------------------------------------------------------------------------------------------------------------------------|</msg>
<msg timestamp="20211129 21:28:13.169" level="INFO">|   cmd: &lt;class 'genie.libs.parser.iosxe.show_vrf.ShowVrf'&gt;                                                                                          |</msg>
<msg timestamp="20211129 21:28:13.169" level="INFO">|====================================================================================================================================================|</msg>
<msg timestamp="20211129 21:28:13.563" level="INFO">Saved system profile as file: /home/devasc/labs/devnet-src/sample-app/Network_Monitor/./new_snapshot_R2_arp_pts.json</msg>
<msg timestamp="20211129 21:28:13.567" level="INFO">[2021-11-29 21:27:32,955] +++ R1: executing command 'show bgp all summary' +++
show bgp all summary
For address family: IPv4 Unicast
BGP router identifier 11.1.1.1, local AS number 65001
BGP table version is 3, main routing table version 3
2 network entries using 496 bytes of memory
2 path entries using 272 bytes of memory
1/1 BGP path/bestpath attribute entries using 288 bytes of memory
0 BGP route-map cache entries using 0 bytes of memory
0 BGP filter-list cache entries using 0 bytes of memory
BGP using 1056 total bytes of memory
BGP activity 2/0 prefixes, 2/0 paths, scan interval 60 secs
2 networks peaked at 21:08:40 Nov 29 2021 UTC (00:19:01.363 ago)

Neighbor        V           AS MsgRcvd MsgSent   TblVer  InQ OutQ Up/Down  State/PfxRcd
192.168.148.102 4        65002       0       0        1    0    0 never    Idle
192.168.157.102 4        65002       0       0        1    0    0 never    Idle
R1#
[2021-11-29 21:27:33,124] +++ R1: executing command 'show ip bgp template peer-session' +++
show ip bgp template peer-session
No templates configured

R1#
[2021-11-29 21:27:33,306] +++ R1: executing command 'show ip bgp template peer-policy' +++
show ip bgp template peer-policy
No templates configured

R1#
[2021-11-29 21:27:33,478] +++ R1: executing command 'show vrf detail | inc \(VRF' +++
show vrf detail | inc \(VRF
R1#
[2021-11-29 21:27:33,651] +++ R1: executing command 'show bgp all cluster-ids' +++
show bgp all cluster-ids
Global cluster-id: 11.1.1.1 (configured: 0.0.0.0)
BGP client-to-client reflection:         Configured    Used
  all (inter-cluster and intra-cluster): ENABLED
  intra-cluster:                         ENABLED       ENABLED

List of cluster-ids:
Cluster-id     #-neighbors C2C-rfl-CFG C2C-rfl-USE
R1#
[2021-11-29 21:27:33,815] +++ R1: executing command 'show ip bgp all dampening parameters' +++
show ip bgp all dampening parameters
For address family: IPv4 Unicast

% dampening not enabled for base

For address family: IPv6 Unicast

% dampening not enabled for base

For address family: IPv4 Multicast

% dampening not enabled for base

For address family: L2VPN E-VPN

% dampening not enabled for base

For address family: MVPNv4 Unicast

% dampening not enabled for base

For address family: MVPNv6 Unicast

% dampening not enabled for base
R1#
[2021-11-29 21:27:33,983] +++ R1: executing command 'show bgp all neighbors' +++
show bgp all neighbors
For address family: IPv4 Unicast
BGP neighbor is 192.168.148.102,  remote AS 65002, external link
  BGP version 4, remote router ID 0.0.0.0
  BGP state = Idle, down for never
  Neighbor sessions:
    0 active, is not multisession capable (disabled)
    Stateful switchover support enabled: NO
  Do log neighbor state changes (via global configuration)
  Default minimum time between advertisement runs is 30 seconds

  Address tracking is enabled, the RIB does have a route to 192.168.148.102
  Route to peer address reachability Up: 0; Down: 0
    Last notification never
  Connections established 0; dropped 0
  Last reset never
  External BGP neighbor not directly connected.
  External BGP neighbor configured for connected checks (single-hop no-disable-connected-check)
  Interface associated: (none) (peering address NOT in same link)
  Transport(tcp) path-mtu-discovery is enabled
  Graceful-Restart is disabled
  SSO is disabled
  No active TCP connection

BGP neighbor is 192.168.157.102,  remote AS 65002, external link
  BGP version 4, remote router ID 0.0.0.0
  BGP state = Idle, down for never
  Neighbor sessions:
    0 active, is not multisession capable (disabled)
    Stateful switchover support enabled: NO
  Do log neighbor state changes (via global configuration)
  Default minimum time between advertisement runs is 30 seconds

  Address tracking is enabled, the RIB does have a route to 192.168.157.102
  Route to peer address reachability Up: 0; Down: 0
    Last notification never
  Connections established 0; dropped 0
  Last reset never
  External BGP neighbor not directly connected.
  External BGP neighbor configured for connected checks (single-hop no-disable-connected-check)
  Interface associated: (none) (peering address NOT in same link)
  Transport(tcp) path-mtu-discovery is enabled
  Graceful-Restart is disabled
  SSO is disabled
  No active TCP connection


For address family: IPv6 Unicast

For address family: IPv4 Multicast

For address family: L2VPN E-VPN

For address family: MVPNv4 Unicast

For address family: MVPNv6 Unicast

For address family: IPv4 Label-Unicast
BGP neighbor is 192.168.148.102,  remote AS 65002, external link
  BGP version 4, remote router ID 0.0.0.0
  BGP state = Idle, down for never
  Neighbor sessions:
    0 active, is not multisession capable (disabled)
    Stateful switchover support enabled: NO
  Do log neighbor state changes (via global configuration)
  Default minimum time between advertisement runs is 30 seconds

  Address tracking is enabled, the RIB does have a route to 192.168.148.102
  Route to peer address reachability Up: 0; Down: 0
    Last notification never
  Connections established 0; dropped 0
  Last reset never
  External BGP neighbor not directly connected.
  External BGP neighbor configured for connected checks (single-hop no-disable-connected-check)
  Interface associated: (none) (peering address NOT in same link)
  Transport(tcp) path-mtu-discovery is enabled
  Graceful-Restart is disabled
  SSO is disabled
  No active TCP connection

BGP neighbor is 192.168.157.102,  remote AS 65002, external link
  BGP version 4, remote router ID 0.0.0.0
  BGP state = Idle, down for never
  Neighbor sessions:
    0 active, is not multisession capable (disabled)
    Stateful switchover support enabled: NO
  Do log neighbor state changes (via global configuration)
  Default minimum time between advertisement runs is 30 seconds

  Address tracking is enabled, the RIB does have a route to 192.168.157.102
  Route to peer address reachability Up: 0; Down: 0
    Last notification never
  Connections established 0; dropped 0
  Last reset never
  External BGP neighbor not directly connected.
  External BGP neighbor configured for connected checks (single-hop no-disable-connected-check)
  Interface associated: (none) (peering address NOT in same link)
  Transport(tcp) path-mtu-discovery is enabled
  Graceful-Restart is disabled
  SSO is disabled
  No active TCP connection

R1#
[2021-11-29 21:27:34,271] +++ R1: executing command 'show bgp all neighbors 192.168.148.102 policy' +++
show bgp all neighbors 192.168.148.102 policy
 Neighbor: 192.168.148.102, Address-Family: IPv4 Unicast
 Neighbor: 192.168.148.102, Address-Family: IPv4 Label-Unicast
R1#
[2021-11-29 21:27:34,464] +++ R1: executing command 'show bgp all neighbors 192.168.157.102 policy' +++
show bgp all neighbors 192.168.157.102 policy
 Neighbor: 192.168.157.102, Address-Family: IPv4 Unicast
 Neighbor: 192.168.157.102, Address-Family: IPv4 Label-Unicast
R1#
[2021-11-29 21:27:34,638] +++ R1: executing command 'show bgp all' +++
show bgp all
For address family: IPv4 Unicast

BGP table version is 3, local router ID is 11.1.1.1
Status codes: s suppressed, d damped, h history, * valid, &gt; best, i - internal, 
              r RIB-failure, S Stale, m multipath, b backup-path, f RT-Filter, 
              x best-external, a additional-path, c RIB-compressed, 
              t secondary path, L long-lived-stale,
Origin codes: i - IGP, e - EGP, ? - incomplete
RPKI validation codes: V valid, I invalid, N Not found

     Network          Next Hop            Metric LocPrf Weight Path
 *&gt;   11.1.1.0/24      0.0.0.0                  0         32768 i
 *&gt;   12.1.1.0/24      0.0.0.0                  0         32768 i

For address family: IPv6 Unicast


For address family: IPv4 Multicast


For address family: L2VPN E-VPN


For address family: MVPNv4 Unicast


For address family: MVPNv6 Unicast

R1#
[2021-11-29 21:27:34,779] +++ R1: executing command 'show bgp all detail' +++
show bgp all detail
For address family: IPv4 Unicast

BGP routing table entry for 11.1.1.0/24, version 2
  Paths: (1 available, best #1, table default)
  Not advertised to any peer
  Refresh Epoch 1
  Local
    0.0.0.0 from 0.0.0.0 (11.1.1.1)
      Origin IGP, metric 0, localpref 100, weight 32768, valid, sourced, local, best
      rx pathid: 0, tx pathid: 0x0
      Updated on Nov 29 2021 21:08:41 UTC
BGP routing table entry for 12.1.1.0/24, version 3
  Paths: (1 available, best #1, table default)
  Not advertised to any peer
  Refresh Epoch 1
  Local
    0.0.0.0 from 0.0.0.0 (11.1.1.1)
      Origin IGP, metric 0, localpref 100, weight 32768, valid, sourced, local, best
      rx pathid: 0, tx pathid: 0x0
      Updated on Nov 29 2021 21:08:41 UTC

For address family: IPv6 Unicast


For address family: IPv4 Multicast


For address family: L2VPN E-VPN


For address family: MVPNv4 Unicast


For address family: MVPNv6 Unicast

R1#
[2021-11-29 21:27:35,028] +++ R1: executing command 'show bgp all neighbors 192.168.148.102 advertised-routes' +++
show bgp all neighbors 192.168.148.102 advertised-routes
For address family: IPv4 Unicast

Total number of prefixes 0 

For address family: IPv4 Label-Unicast

Total number of prefixes 0 
R1#
[2021-11-29 21:27:35,212] +++ R1: executing command 'show bgp all neighbors | i BGP neighbor' +++
show bgp all neighbors | i BGP neighbor
BGP neighbor is 192.168.148.102,  remote AS 65002, external link
  External BGP neighbor not directly connected.
  External BGP neighbor configured for connected checks (single-hop no-disable-connected-check)
BGP neighbor is 192.168.157.102,  remote AS 65002, external link
  External BGP neighbor not directly connected.
  External BGP neighbor configured for connected checks (single-hop no-disable-connected-check)
BGP neighbor is 192.168.148.102,  remote AS 65002, external link
  External BGP neighbor not directly connected.
  External BGP neighbor configured for connected checks (single-hop no-disable-connected-check)
BGP neighbor is 192.168.157.102,  remote AS 65002, external link
  External BGP neighbor not directly connected.
  External BGP neighbor configured for connected checks (single-hop no-disable-connected-check)
R1#
[2021-11-29 21:27:35,374] +++ R1: executing command 'show bgp all neighbors 192.168.157.102 advertised-routes' +++
show bgp all neighbors 192.168.157.102 advertised-routes
For address family: IPv4 Unicast

Total number of prefixes 0 

For address family: IPv4 Label-Unicast

Total number of prefixes 0 
R1#
[2021-11-29 21:27:35,551] +++ R1: executing command 'show bgp all neighbors | i BGP neighbor' +++
show bgp all neighbors | i BGP neighbor
BGP neighbor is 192.168.148.102,  remote AS 65002, external link
  External BGP neighbor not directly connected.
  External BGP neighbor configured for connected checks (single-hop no-disable-connected-check)
BGP neighbor is 192.168.157.102,  remote AS 65002, external link
  External BGP neighbor not directly connected.
  External BGP neighbor configured for connected checks (single-hop no-disable-connected-check)
BGP neighbor is 192.168.148.102,  remote AS 65002, external link
  External BGP neighbor not directly connected.
  External BGP neighbor configured for connected checks (single-hop no-disable-connected-check)
BGP neighbor is 192.168.157.102,  remote AS 65002, external link
  External BGP neighbor not directly connected.
  External BGP neighbor configured for connected checks (single-hop no-disable-connected-check)
R1#
[2021-11-29 21:27:35,727] +++ R1: executing command 'show bgp all neighbors 192.168.148.102 routes' +++
show bgp all neighbors 192.168.148.102 routes
For address family: IPv4 Unicast

Total number of prefixes 0 

For address family: IPv4 Label-Unicast

Total number of prefixes 0 
R1#
[2021-11-29 21:27:35,903] +++ R1: executing command 'show bgp all neighbors | i BGP neighbor' +++
show bgp all neighbors | i BGP neighbor
BGP neighbor is 192.168.148.102,  remote AS 65002, external link
  External BGP neighbor not directly connected.
  External BGP neighbor configured for connected checks (single-hop no-disable-connected-check)
BGP neighbor is 192.168.157.102,  remote AS 65002, external link
  External BGP neighbor not directly connected.
  External BGP neighbor configured for connected checks (single-hop no-disable-connected-check)
BGP neighbor is 192.168.148.102,  remote AS 65002, external link
  External BGP neighbor not directly connected.
  External BGP neighbor configured for connected checks (single-hop no-disable-connected-check)
BGP neighbor is 192.168.157.102,  remote AS 65002, external link
  External BGP neighbor not directly connected.
  External BGP neighbor configured for connected checks (single-hop no-disable-connected-check)
R1#
[2021-11-29 21:27:36,069] +++ R1: executing command 'show bgp all neighbors 192.168.157.102 routes' +++
show bgp all neighbors 192.168.157.102 routes
For address family: IPv4 Unicast

Total number of prefixes 0 

For address family: IPv4 Label-Unicast

Total number of prefixes 0 
R1#
[2021-11-29 21:27:36,241] +++ R1: executing command 'show bgp all neighbors | i BGP neighbor' +++
show bgp all neighbors | i BGP neighbor
BGP neighbor is 192.168.148.102,  remote AS 65002, external link
  External BGP neighbor not directly connected.
  External BGP neighbor configured for connected checks (single-hop no-disable-connected-check)
BGP neighbor is 192.168.157.102,  remote AS 65002, external link
  External BGP neighbor not directly connected.
  External BGP neighbor configured for connected checks (single-hop no-disable-connected-check)
BGP neighbor is 192.168.148.102,  remote AS 65002, external link
  External BGP neighbor not directly connected.
  External BGP neighbor configured for connected checks (single-hop no-disable-connected-check)
BGP neighbor is 192.168.157.102,  remote AS 65002, external link
  External BGP neighbor not directly connected.
  External BGP neighbor configured for connected checks (single-hop no-disable-connected-check)
R1#
[2021-11-29 21:27:36,413] +++ R1: executing command 'show bgp all neighbors 192.168.148.102 received-routes' +++
show bgp all neighbors 192.168.148.102 received-routes
For address family: IPv4 Unicast
% Inbound soft reconfiguration not enabled on 192.168.148.102

For address family: IPv4 Label-Unicast
% Inbound soft reconfiguration not enabled on 192.168.148.102
R1#
[2021-11-29 21:27:36,589] +++ R1: executing command 'show bgp all neighbors | i BGP neighbor' +++
show bgp all neighbors | i BGP neighbor
BGP neighbor is 192.168.148.102,  remote AS 65002, external link
  External BGP neighbor not directly connected.
  External BGP neighbor configured for connected checks (single-hop no-disable-connected-check)
BGP neighbor is 192.168.157.102,  remote AS 65002, external link
  External BGP neighbor not directly connected.
  External BGP neighbor configured for connected checks (single-hop no-disable-connected-check)
BGP neighbor is 192.168.148.102,  remote AS 65002, external link
  External BGP neighbor not directly connected.
  External BGP neighbor configured for connected checks (single-hop no-disable-connected-check)
BGP neighbor is 192.168.157.102,  remote AS 65002, external link
  External BGP neighbor not directly connected.
  External BGP neighbor configured for connected checks (single-hop no-disable-connected-check)
R1#
[2021-11-29 21:27:36,763] +++ R1: executing command 'show bgp all neighbors 192.168.157.102 received-routes' +++
show bgp all neighbors 192.168.157.102 received-routes
For address family: IPv4 Unicast
% Inbound soft reconfiguration not enabled on 192.168.157.102

For address family: IPv4 Label-Unicast
% Inbound soft reconfiguration not enabled on 192.168.157.102
R1#
[2021-11-29 21:27:36,965] +++ R1: executing command 'show bgp all neighbors | i BGP neighbor' +++
show bgp all neighbors | i BGP neighbor
BGP neighbor is 192.168.148.102,  remote AS 65002, external link
  External BGP neighbor not directly connected.
  External BGP neighbor configured for connected checks (single-hop no-disable-connected-check)
BGP neighbor is 192.168.157.102,  remote AS 65002, external link
  External BGP neighbor not directly connected.
  External BGP neighbor configured for connected checks (single-hop no-disable-connected-check)
BGP neighbor is 192.168.148.102,  remote AS 65002, external link
  External BGP neighbor not directly connected.
  External BGP neighbor configured for connected checks (single-hop no-disable-connected-check)
BGP neighbor is 192.168.157.102,  remote AS 65002, external link
  External BGP neighbor not directly connected.
  External BGP neighbor configured for connected checks (single-hop no-disable-connected-check)
R1#
[2021-11-29 21:27:37,174] +++ R1: executing command 'show running-config' +++
show running-config
Building configuration...

Current configuration : 7821 bytes
!
! Last configuration change at 21:27:39 UTC Mon Nov 29 2021 by cisco
!
version 16.12
service timestamps debug datetime msec
service timestamps log datetime msec
! Call-home is enabled by Smart-Licensing.
service call-home
platform qfp utilization monitor load 80
no platform punt-keepalive disable-kernel-core
platform console virtual
!
hostname R1
!
boot-start-marker
boot-end-marker
!
!
no logging console
enable secret 9 $14$oNwE$P1nnur1GSBN8I.$EX0XKeQXkAPQB85s.psbLV2DUkirf8GNr1kIPBxQqac
!
no aaa new-model
call-home
 ! If contact email address in call-home is configured as sch-smart-licensing@cisco.com
 ! the email address configured in Cisco Smart License Portal will be used as contact email address to send SCH notifications.
 contact-email-addr sch-smart-licensing@cisco.com
 profile "CiscoTAC-1"
  active
  destination transport-method http
  no destination transport-method email
!
!
!
!
!
!
!
no ip domain lookup
ip domain name example.netacad.com
!
!
!
login on-success log
!
!
!
!
!
!
!
subscriber templating
! 
! 
! 
! 
!
!
multilink bundle-name authenticated
!
!
!
!
!
!
!
!
!
!
!
!
!
!
!
crypto pki trustpoint TP-self-signed-3999738328
 enrollment selfsigned
 subject-name cn=IOS-Self-Signed-Certificate-3999738328
 revocation-check none
 rsakeypair TP-self-signed-3999738328
!
crypto pki trustpoint SLA-TrustPoint
 enrollment pkcs12
 revocation-check crl
!
crypto pki trustpoint TP-self-signed-2319644871
 enrollment selfsigned
 subject-name cn=IOS-Self-Signed-Certificate-2319644871
 revocation-check none
 rsakeypair TP-self-signed-2319644871
!
!
crypto pki certificate chain TP-self-signed-3999738328
 certificate self-signed 01
  30820330 30820218 A0030201 02020101 300D0609 2A864886 F70D0101 05050030 
  31312F30 2D060355 04031326 494F532D 53656C66 2D536967 6E65642D 43657274 
  69666963 6174652D 33393939 37333833 3238301E 170D3231 30393237 30343531 
  31325A17 0D333030 31303130 30303030 305A3031 312F302D 06035504 03132649 
  4F532D53 656C662D 5369676E 65642D43 65727469 66696361 74652D33 39393937 
  33383332 38308201 22300D06 092A8648 86F70D01 01010500 0382010F 00308201 
  0A028201 0100BF2E 579B6894 42EF2675 81AABBEC 3799E363 FCB48CD2 EFE7BF25 
  67DA13A1 4EDEC678 EF680F4D 662CC653 9084AF20 EC5B29EA 680A0ECF FCEE7A5F 
  80FE2F28 06FC6B62 9F4DF612 BC63C6C0 9EB265EF 5FA5AA12 12E80A7A 27D9EF69 
  89143369 B52C63B3 6BD8CF8F 32766479 0003E88F D75949B6 FD2825F9 1D4E2B05 
  BEF906E4 5469E772 85F95448 B944CDFF 96FA5E71 041CCCD3 F95AEC9C 0A412CEE 
  8A1FEB8E DBC1784C 24B69939 AAFC0393 C9F193F2 7CFF8EBF BF0D497D 6552CEAF 
  F6477DF7 7668367C 7C101D00 96A26188 E08EDE89 09B516D3 4B425E80 2E087791 
  573C1750 19D36050 C5D41EAF 8AE72E83 54231AD0 1443A04E C49E2B8E D9B93CA1 
  B03E9436 71E10203 010001A3 53305130 0F060355 1D130101 FF040530 030101FF 
  301F0603 551D2304 18301680 14E98CD7 2FF414E6 752D507D F75431DA DD6BF64D 
  3D301D06 03551D0E 04160414 E98CD72F F414E675 2D507DF7 5431DADD 6BF64D3D 
  300D0609 2A864886 F70D0101 05050003 82010100 15C751B2 91C1D74A 0349996F 
  0E6E36AB D4A404CB 0487CB48 CB5A784A 893E5197 85B6962E 61856419 121D1EBA 
  E1DC17D2 FABBEBBE 197DDB3D E1123936 FDCC3C59 72009C59 CAE22958 1C557BAB 
  A570751A 05398461 04A1597E 1E242D0F AB4F9E6D 6AC8515D 3DB4311F 68E9C558 
  BDAB2C99 4223C75F D07FBA8A B6B73A3B 5741B526 06D38DA5 BCF63BD8 F641278D 
  4C93C4A6 1030EC5B 9556FB9C 8A87E043 C632FBAA 8F35DB2E 374A31D3 A21D2D7D 
  BE343C0E A9FD2EDD B0B5E2F8 F3B63FEF 83AD4BFC 10D90F68 917D9B34 1683ACB6 
  8F775CFD 8468C97E 4DE9EFF3 BC3E0893 573642FA 31913E34 F940E91B ACC26753 
  F1F73FC8 08704B29 DF486635 E5A7C670 A6B1AB79
  	quit
crypto pki certificate chain SLA-TrustPoint
 certificate ca 01
  30820321 30820209 A0030201 02020101 300D0609 2A864886 F70D0101 0B050030 
  32310E30 0C060355 040A1305 43697363 6F312030 1E060355 04031317 43697363 
  6F204C69 63656E73 696E6720 526F6F74 20434130 1E170D31 33303533 30313934 
  3834375A 170D3338 30353330 31393438 34375A30 32310E30 0C060355 040A1305 
  43697363 6F312030 1E060355 04031317 43697363 6F204C69 63656E73 696E6720 
  526F6F74 20434130 82012230 0D06092A 864886F7 0D010101 05000382 010F0030 
  82010A02 82010100 A6BCBD96 131E05F7 145EA72C 2CD686E6 17222EA1 F1EFF64D 
  CBB4C798 212AA147 C655D8D7 9471380D 8711441E 1AAF071A 9CAE6388 8A38E520 
  1C394D78 462EF239 C659F715 B98C0A59 5BBB5CBD 0CFEBEA3 700A8BF7 D8F256EE 
  4AA4E80D DB6FD1C9 60B1FD18 FFC69C96 6FA68957 A2617DE7 104FDC5F EA2956AC 
  7390A3EB 2B5436AD C847A2C5 DAB553EB 69A9A535 58E9F3E3 C0BD23CF 58BD7188 
  68E69491 20F320E7 948E71D7 AE3BCC84 F10684C7 4BC8E00F 539BA42B 42C68BB7 
  C7479096 B4CB2D62 EA2F505D C7B062A4 6811D95B E8250FC4 5D5D5FB8 8F27D191 
  C55F0D76 61F9A4CD 3D992327 A8BB03BD 4E6D7069 7CBADF8B DF5F4368 95135E44 
  DFC7C6CF 04DD7FD1 02030100 01A34230 40300E06 03551D0F 0101FF04 04030201 
  06300F06 03551D13 0101FF04 05300301 01FF301D 0603551D 0E041604 1449DC85 
  4B3D31E5 1B3E6A17 606AF333 3D3B4C73 E8300D06 092A8648 86F70D01 010B0500 
  03820101 00507F24 D3932A66 86025D9F E838AE5C 6D4DF6B0 49631C78 240DA905 
  604EDCDE FF4FED2B 77FC460E CD636FDB DD44681E 3A5673AB 9093D3B1 6C9E3D8B 
  D98987BF E40CBD9E 1AECA0C2 2189BB5C 8FA85686 CD98B646 5575B146 8DFC66A8 
  467A3DF4 4D565700 6ADF0F0D CF835015 3C04FF7C 21E878AC 11BA9CD2 55A9232C 
  7CA7B7E6 C1AF74F6 152E99B7 B1FCF9BB E973DE7F 5BDDEB86 C71E3B49 1765308B 
  5FB0DA06 B92AFE7F 494E8A9E 07B85737 F3A58BE1 1A48A229 C37C1E69 39F08678 
  80DDCD16 D6BACECA EEBC7CF9 8428787B 35202CDC 60E4616A B623CDBD 230E3AFB 
  418616A9 4093E049 4D10AB75 27E86F73 932E35B5 8862FDAE 0275156F 719BB2F0 
  D697DF7F 28
  	quit
crypto pki certificate chain TP-self-signed-2319644871
!
license udi pid CSR1000V sn 933H0JA77PN
diagnostic bootup level minimal
memory free low-watermark processor 72329
!
!
spanning-tree extend system-id
!
username cisco privilege 15 password 0 cisco123!
!
redundancy
!
!
!
!
!
!
! 
!
!
!
!
!
!
!
!
!
!
!
!
! 
! 
!
!
interface Loopback0
 ip address 1.1.1.1 255.255.255.255
!
interface Loopback1
 ip address 11.1.1.1 255.255.255.0
!
interface Loopback2
 ip address 12.1.1.1 255.255.255.0
!
interface GigabitEthernet1
 description VBox
 ip address dhcp
 negotiation auto
 no mop enabled
 no mop sysid
!
interface GigabitEthernet2
 ip address 192.168.148.101 255.255.255.0
 shutdown
 negotiation auto
 no mop enabled
 no mop sysid
!
interface GigabitEthernet3
 description R1-G3
 ip address 192.168.157.101 255.255.255.0
 shutdown
 negotiation auto
 no mop enabled
 no mop sysid
!
router ospf 1
 router-id 1.1.1.1
 passive-interface GigabitEthernet1
 passive-interface Loopback0
 passive-interface Loopback1
 passive-interface Loopback2
 network 0.0.0.0 255.255.255.255 area 1
!
router bgp 65001
 bgp router-id 11.1.1.1
 bgp log-neighbor-changes
 neighbor 192.168.148.102 remote-as 65002
 neighbor 192.168.157.102 remote-as 65002
 !
 address-family ipv4
  network 11.1.1.0 mask 255.255.255.0
  network 12.1.1.0 mask 255.255.255.0
  neighbor 192.168.148.102 activate
  neighbor 192.168.157.102 activate
 exit-address-family
!
ip forward-protocol nd
no ip http server
ip http authentication local
ip http secure-server
!
!
!
!
!
!
!
!
control-plane
!
!
!
!
!
banner motd ^CC
*                                           *
**                                         **
***                                       ***
***  Cisco Networking Academy             ***
***                                       ***
***  This software is provided for        ***
[...]
  Topology-MTID    Cost    Disabled    Shutdown      Topology Name
        0           1         no          no            Base
  Loopback interface is treated as a stub Host
GigabitEthernet3 is administratively down, line protocol is down 
  Internet Address 192.168.157.102/24, Interface ID 9, Area 1
  Attached via Network Statement
  Process ID 1, Router ID 2.2.2.2, Network Type BROADCAST, Cost: 1
  Topology-MTID    Cost    Disabled    Shutdown      Topology Name
        0           1         no          no            Base
  Transmit Delay is 1 sec, State DOWN, Priority 1
  No designated router on this network
  No backup designated router on this network
  Timer intervals configured, Hello 10, Dead 40, Wait 40, Retransmit 5
    oob-resync timeout 40
GigabitEthernet2 is administratively down, line protocol is down 
  Internet Address 192.168.148.102/24, Interface ID 8, Area 1
  Attached via Network Statement
  Process ID 1, Router ID 2.2.2.2, Network Type BROADCAST, Cost: 1
  Topology-MTID    Cost    Disabled    Shutdown      Topology Name
        0           1         no          no            Base
  Transmit Delay is 1 sec, State DOWN, Priority 1
  No designated router on this network
  No backup designated router on this network
  Timer intervals configured, Hello 10, Dead 40, Wait 40, Retransmit 5
    oob-resync timeout 40
GigabitEthernet1 is up, line protocol is up 
  Internet Address 192.168.56.102/24, Interface ID 7, Area 1
  Attached via Network Statement
  Process ID 1, Router ID 2.2.2.2, Network Type BROADCAST, Cost: 1
  Topology-MTID    Cost    Disabled    Shutdown      Topology Name
        0           1         no          no            Base
  Transmit Delay is 1 sec, State DR, Priority 1
  Designated Router (ID) 2.2.2.2, Interface address 192.168.56.102
  No backup designated router on this network
  Timer intervals configured, Hello 10, Dead 40, Wait 40, Retransmit 5
    oob-resync timeout 40
    No Hellos (Passive interface) 
  Supports Link-local Signaling (LLS)
  Cisco NSF helper support enabled
  IETF NSF helper support enabled
  Can be protected by per-prefix Loop-Free FastReroute
  Can be used for per-prefix Loop-Free FastReroute repair paths
  Not Protected by per-prefix TI-LFA
  Index 1/1/1, flood queue length 0
  Next 0x0(0)/0x0(0)/0x0(0)
  Last flood scan length is 0, maximum is 0
  Last flood scan time is 0 msec, maximum is 0 msec
  Neighbor Count is 0, Adjacent neighbor count is 0 
  Suppress hello for 0 neighbor(s)
R2#
[2021-11-29 21:28:10,245] +++ R2: executing command 'show running-config | section router ospf 1' +++
show running-config | section router ospf 1
router ospf 1
 router-id 2.2.2.2
 passive-interface GigabitEthernet1
 passive-interface Loopback0
 passive-interface Loopback1
 passive-interface Loopback2
 network 0.0.0.0 255.255.255.255 area 1
R2#
[2021-11-29 21:28:10,471] +++ R2: executing command 'show running-config | section router ospf 1' +++
show running-config | section router ospf 1
router ospf 1
 router-id 2.2.2.2
 passive-interface GigabitEthernet1
 passive-interface Loopback0
 passive-interface Loopback1
 passive-interface Loopback2
 network 0.0.0.0 255.255.255.255 area 1
R2#
[2021-11-29 21:28:10,719] +++ R2: executing command 'show running-config | section router ospf 1' +++
show running-config | section router ospf 1
router ospf 1
 router-id 2.2.2.2
 passive-interface GigabitEthernet1
 passive-interface Loopback0
 passive-interface Loopback1
 passive-interface Loopback2
 network 0.0.0.0 255.255.255.255 area 1
R2#
[2021-11-29 21:28:10,965] +++ R2: executing command 'show running-config | section router ospf 1' +++
show running-config | section router ospf 1
router ospf 1
 router-id 2.2.2.2
 passive-interface GigabitEthernet1
 passive-interface Loopback0
 passive-interface Loopback1
 passive-interface Loopback2
 network 0.0.0.0 255.255.255.255 area 1
R2#
[2021-11-29 21:28:11,204] +++ R2: executing command 'show running-config | section router ospf 1' +++
show running-config | section router ospf 1
router ospf 1
 router-id 2.2.2.2
 passive-interface GigabitEthernet1
 passive-interface Loopback0
 passive-interface Loopback1
 passive-interface Loopback2
 network 0.0.0.0 255.255.255.255 area 1
R2#
[2021-11-29 21:28:11,522] +++ R2: executing command 'show running-config | section router ospf 1' +++
show running-config | section router ospf 1
router ospf 1
 router-id 2.2.2.2
 passive-interface GigabitEthernet1
 passive-interface Loopback0
 passive-interface Loopback1
 passive-interface Loopback2
 network 0.0.0.0 255.255.255.255 area 1
R2#
[2021-11-29 21:28:11,758] +++ R2: executing command 'show ip ospf neighbor detail' +++
show ip ospf neighbor detail
R2#
[2021-11-29 21:28:11,930] +++ R2: executing command 'show ip ospf sham-links' +++
show ip ospf sham-links
R2#
[2021-11-29 21:28:12,196] +++ R2: executing command 'show ip arp' +++
show ip arp
Protocol  Address          Age (min)  Hardware Addr   Type   Interface
Internet  192.168.56.1            7   0a00.2700.0004  ARPA   GigabitEthernet1
Internet  192.168.56.100          3   0800.2742.710f  ARPA   GigabitEthernet1
Internet  192.168.56.101         14   0800.2792.8178  ARPA   GigabitEthernet1
Internet  192.168.56.102          -   0800.27d0.f074  ARPA   GigabitEthernet1
R2#
[2021-11-29 21:28:12,504] +++ R2: executing command 'show vrf' +++
show vrf
R2#
[2021-11-29 21:28:12,652] +++ R2: executing command 'show ip interface' +++
show ip interface
GigabitEthernet1 is up, line protocol is up
  Internet address is 192.168.56.102/24
  Broadcast address is 255.255.255.255
  Address determined by DHCP
  MTU is 1500 bytes
  Helper address is not set
  Directed broadcast forwarding is disabled
  Multicast reserved groups joined: 224.0.0.5 224.0.0.6
  Outgoing Common access list is not set 
  Outgoing access list is not set
  Inbound Common access list is not set 
  Inbound  access list is not set
  Proxy ARP is enabled
  Local Proxy ARP is disabled
  Security level is default
  Split horizon is enabled
  ICMP redirects are always sent
  ICMP unreachables are always sent
  ICMP mask replies are never sent
  IP fast switching is enabled
  IP Flow switching is disabled
  IP CEF switching is enabled
  IP CEF switching turbo vector
  IP Null turbo vector
  Associated unicast routing topologies:
        Topology "base", operation state is UP
  IP multicast fast switching is enabled
  IP multicast distributed fast switching is disabled
  IP route-cache flags are Fast, CEF
  Router Discovery is disabled
  IP output packet accounting is disabled
  IP access violation accounting is disabled
  TCP/IP header compression is disabled
  RTP/IP header compression is disabled
  Probe proxy name replies are disabled
  Policy routing is disabled
  Network address translation is disabled
  BGP Policy Mapping is disabled
  Input features: MCI Check
  IPv4 WCCP Redirect outbound is disabled
  IPv4 WCCP Redirect inbound is disabled
  IPv4 WCCP Redirect exclude is disabled
GigabitEthernet2 is administratively down, line protocol is down
  Internet address is 192.168.148.102/24
  Broadcast address is 255.255.255.255
  Address determined by setup command
  MTU is 1500 bytes
  Helper address is not set
  Directed broadcast forwarding is disabled
  Multicast reserved groups joined: 224.0.0.5
  Outgoing Common access list is not set 
  Outgoing access list is not set
  Inbound Common access list is not set 
  Inbound  access list is not set
  Proxy ARP is enabled
  Local Proxy ARP is disabled
  Security level is default
  Split horizon is enabled
  ICMP redirects are always sent
  ICMP unreachables are always sent
  ICMP mask replies are never sent
  IP fast switching is enabled
  IP Flow switching is disabled
  IP CEF switching is enabled
  IP CEF switching turbo vector
  IP Null turbo vector
  Associated unicast routing topologies:
        Topology "base", operation state is UP
  IP multicast fast switching is enabled
  IP multicast distributed fast switching is disabled
  IP route-cache flags are Fast, CEF
  Router Discovery is disabled
  IP output packet accounting is disabled
  IP access violation accounting is disabled
  TCP/IP header compression is disabled
  RTP/IP header compression is disabled
  Probe proxy name replies are disabled
  Policy routing is disabled
  Network address translation is disabled
  BGP Policy Mapping is disabled
  Input features: MCI Check
  IPv4 WCCP Redirect outbound is disabled
  IPv4 WCCP Redirect inbound is disabled
  IPv4 WCCP Redirect exclude is disabled
GigabitEthernet3 is administratively down, line protocol is down
  Internet address is 192.168.157.102/24
  Broadcast address is 255.255.255.255
  Address determined by setup command
  MTU is 1500 bytes
  Helper address is not set
  Directed broadcast forwarding is disabled
  Multicast reserved groups joined: 224.0.0.5
  Outgoing Common access list is not set 
  Outgoing access list is not set
  Inbound Common access list is not set 
  Inbound  access list is not set
  Proxy ARP is enabled
  Local Proxy ARP is disabled
  Security level is default
  Split horizon is enabled
  ICMP redirects are always sent
  ICMP unreachables are always sent
  ICMP mask replies are never sent
  IP fast switching is enabled
  IP Flow switching is disabled
  IP CEF switching is enabled
  IP CEF switching turbo vector
  IP Null turbo vector
  Associated unicast routing topologies:
        Topology "base", operation state is UP
  IP multicast fast switching is enabled
  IP multicast distributed fast switching is disabled
  IP route-cache flags are Fast, CEF
  Router Discovery is disabled
  IP output packet accounting is disabled
  IP access violation accounting is disabled
  TCP/IP header compression is disabled
  RTP/IP header compression is disabled
  Probe proxy name replies are disabled
  Policy routing is disabled
  Network address translation is disabled
  BGP Policy Mapping is disabled
  Input features: MCI Check
  IPv4 WCCP Redirect outbound is disabled
  IPv4 WCCP Redirect inbound is disabled
  IPv4 WCCP Redirect exclude is disabled
Loopback0 is up, line protocol is up
  Internet address is 2.2.2.2/32
  Broadcast address is 255.255.255.255
  Address determined by setup command
  MTU is 1514 bytes
  Helper address is not set
  Directed broadcast forwarding is disabled
  Multicast reserved groups joined: 224.0.0.5
  Outgoing Common access list is not set 
  Outgoing access list is not set
  Inbound Common access list is not set 
  Inbound  access list is not set
  Proxy ARP is enabled
  Local Proxy ARP is disabled
  Security level is default
  Split horizon is enabled
  ICMP redirects are always sent
  ICMP unreachables are always sent
  ICMP mask replies are never sent
  IP fast switching is enabled
  IP Flow switching is disabled
  IP CEF switching is enabled
  IP CEF switching turbo vector
  IP Null turbo vector
  Associated unicast routing topologies:
        Topology "base", operation state is UP
  IP multicast fast switching is enabled
  IP multicast distributed fast switching is disabled
  IP route-cache flags are Fast, CEF
  Router Discovery is disabled
  IP output packet accounting is disabled
  IP access violation accounting is disabled
  TCP/IP header compression is disabled
  RTP/IP header compression is disabled
  Probe proxy name replies are disabled
  Policy routing is disabled
  Network address translation is disabled
  BGP Policy Mapping is disabled
  Input features: MCI Check
  IPv4 WCCP Redirect outbound is disabled
  IPv4 WCCP Redirect inbound is disabled
  IPv4 WCCP Redirect exclude is disabled
Loopback1 is up, line protocol is up
  Internet address is 11.2.2.2/24
  Broadcast address is 255.255.255.255
  Address determined by setup command
  MTU is 1514 bytes
  Helper address is not set
  Directed broadcast forwarding is disabled
  Multicast reserved groups joined: 224.0.0.5
  Outgoing Common access list is not set 
  Outgoing access list is not set
  Inbound Common access list is not set 
  Inbound  access list is not set
  Proxy ARP is enabled
  Local Proxy ARP is disabled
  Security level is default
  Split horizon is enabled
  ICMP redirects are always sent
  ICMP unreachables are always sent
  ICMP mask replies are never sent
  IP fast switching is enabled
  IP Flow switching is disabled
  IP CEF switching is enabled
  IP CEF switching turbo vector
  IP Null turbo vector
  Associated unicast routing topologies:
        Topology "base", operation state is UP
  IP multicast fast switching is enabled
  IP multicast distributed fast switching is disabled
  IP route-cache flags are Fast, CEF
  Router Discovery is disabled
  IP output packet accounting is disabled
  IP access violation accounting is disabled
  TCP/IP header compression is disabled
  RTP/IP header compression is disabled
  Probe proxy name replies are disabled
  Policy routing is disabled
  Network address translation is disabled
  BGP Policy Mapping is disabled
  Input features: MCI Check
  IPv4 WCCP Redirect outbound is disabled
  IPv4 WCCP Redirect inbound is disabled
  IPv4 WCCP Redirect exclude is disabled
Loopback2 is up, line protocol is up
  Internet address is 12.2.2.2/24
  Broadcast address is 255.255.255.255
  Address determined by setup command
  MTU is 1514 bytes
  Helper address is not set
  Directed broadcast forwarding is disabled
  Multicast reserved groups joined: 224.0.0.5
  Outgoing Common access list is not set 
  Outgoing access list is not set
  Inbound Common access list is not set 
  Inbound  access list is not set
  Proxy ARP is enabled
  Local Proxy ARP is disabled
  Security level is default
  Split horizon is enabled
  ICMP redirects are always sent
  ICMP unreachables are always sent
  ICMP mask replies are never sent
  IP fast switching is enabled
  IP Flow switching is disabled
  IP CEF switching is enabled
  IP CEF switching turbo vector
  IP Null turbo vector
  Associated unicast routing topologies:
        Topology "base", operation state is UP
  IP multicast fast switching is enabled
  IP multicast distributed fast switching is disabled
  IP route-cache flags are Fast, CEF
  Router Discovery is disabled
  IP output packet accounting is disabled
  IP access violation accounting is disabled
  TCP/IP header compression is disabled
  RTP/IP header compression is disabled
  Probe proxy name replies are disabled
  Policy routing is disabled
  Network address translation is disabled
  BGP Policy Mapping is disabled
  Input features: MCI Check
  IPv4 WCCP Redirect outbound is disabled
  IPv4 WCCP Redirect inbound is disabled
  IPv4 WCCP Redirect exclude is disabled
R2#
[2021-11-29 21:28:12,846] +++ R2: executing command 'show ip arp summary' +++
show ip arp summary
4 IP ARP entries, with 0 of them incomplete
R2#
[2021-11-29 21:28:12,993] +++ R2: executing command 'show ip traffic' +++
show ip traffic
IP statistics:
  Rcvd:  6720 total, 6573 local destination
         0 format errors, 0 checksum errors, 0 bad hop count
         0 unknown protocol, 0 not a gateway
         0 security failures, 0 bad options, 0 with options
  Opts:  0 end, 0 nop, 0 basic security, 0 loose source route
         0 timestamp, 0 extended security, 0 record route
         0 stream ID, 0 strict source route, 0 alert, 0 cipso, 0 ump
         0 other, 0 ignored
  Frags: 0 reassembled, 0 timeouts, 0 couldn't reassemble
         0 fragmented, 0 fragments, 0 couldn't fragment
         0 invalid hole
  Bcast: 425 received, 146 sent
  Mcast: 1811 received, 0 sent
  Sent:  8265 generated, 957 forwarded
  Drop:  0 encapsulation failed, 0 unresolved, 0 no adjacency
         2 no route, 0 unicast RPF, 0 forced drop, 0 unsupported-addr
         0 options denied, 0 source IP address zero

ICMP statistics:
  Rcvd: 0 format errors, 0 checksum errors, 0 redirects, 0 unreachable
        4 echo, 0 echo reply, 0 mask requests, 0 mask replies, 0 quench
        0 parameter, 0 timestamp, 0 timestamp replies, 0 info request, 0 other
        0 irdp solicitations, 0 irdp advertisements
        0 time exceeded, 0 info replies
  Sent: 0 redirects, 1 unreachable, 0 echo, 4 echo reply
        0 mask requests, 0 mask replies, 0 quench, 0 timestamp, 0 timestamp replies
        0 info reply, 0 time exceeded, 0 parameter problem
        0 irdp solicitations, 0 irdp advertisements

UDP statistics:
  Rcvd: 2213 total, 0 checksum errors, 2198 no port 0 finput
  Sent: 158 total, 0 forwarded broadcasts

PIMv2 statistics: Sent/Received
  Total: 0/0, 0 checksum errors, 0 format errors
  Registers: 0/0 (0 non-rp, 0 non-sm-group), Register Stops: 0/0,  Hellos: 0/0
  Join/Prunes: 0/0, Asserts: 0/0, grafts: 0/0
  Bootstraps: 0/0, Candidate_RP_Advertisements: 0/0
  Queue drops: 0
  State-Refresh: 0/0

IGMP statistics: Sent/Received
  Total: 0/0, Format errors: 0/0, Checksum errors: 0/0
  Host Queries: 0/0, Host Reports: 0/0, Host Leaves: 0/0 
  DVMRP: 0/0, PIM: 0/0
  Queue drops: 0
  Report VRF mismatch drops: 0

OSPF statistics:
  Last clearing of OSPF traffic counters never
  Rcvd: 0 total, 0 checksum errors
  	0 hello, 0 database desc, 0 link state req
  	0 link state updates, 0 link state acks
  Sent: 0 total
  	0 hello, 0 database desc, 0 link state req
  	0 link state updates, 0 link state acks

TCP statistics:
  Rcvd: 4360 total, 0 checksum errors, 2 no port
  Sent: 8107 total

BGP statistics:
  Rcvd: 0 total, 0 opens, 0 notifications, 0 updates
        0 keepalives, 0 route-refresh, 0 unrecognized
  Sent: 0 total, 0 opens, 0 notifications, 0 updates
        0 keepalives, 0 route-refresh

Probe statistics:
  Rcvd: 0 address requests, 0 address replies
        0 proxy name requests, 0 where-is requests, 0 other
  Sent: 0 address requests, 0 address replies (0 proxy)
        0 proxy name replies, 0 where-is replies

EIGRP-IPv4 statistics:
  Rcvd: 0 total
  Sent: 0 total

ARP statistics:
  Rcvd: 14 requests, 8 replies, 0 reverse, 0 other
  Sent: 3 requests, 12 replies (0 proxy), 0 reverse
  Drop due to input queue full: 0
R2#</msg>
<status status="PASS" starttime="20211129 21:27:32.139" endtime="20211129 21:28:13.571"></status>
</kw>
<status status="PASS" starttime="20211129 21:27:32.137" endtime="20211129 21:28:13.571" critical="yes"></status>
</test>
<test id="s1-t3" name="Compare snapshots">
<kw name="Compare profile &quot;./good_snapshot&quot; with &quot;./new_snapshot&quot; on devices &quot;R1;R2&quot;" library="genie.libs.robot.GenieRobot">
<doc>Compare system profiles taken as snapshots during the run</doc>
<msg timestamp="20211129 21:28:13.585" level="INFO">Comparison between ./good_snapshot and ./new_snapshot is identical
</msg>
<msg timestamp="20211129 21:28:13.590" level="INFO">Comparison between ./good_snapshot and ./new_snapshot is identical
</msg>
<msg timestamp="20211129 21:28:13.600" level="INFO">Comparison between ./good_snapshot and ./new_snapshot is identical
</msg>
<msg timestamp="20211129 21:28:13.603" level="INFO">Comparison between ./good_snapshot and ./new_snapshot is identical
</msg>
<msg timestamp="20211129 21:28:13.608" level="INFO">Comparison between ./good_snapshot and ./new_snapshot is identical
</msg>
<msg timestamp="20211129 21:28:13.608" level="INFO">Execution passed with message:
All Feature were identical on all devices</msg>
<status status="PASS" starttime="20211129 21:28:13.573" endtime="20211129 21:28:13.608"></status>
</kw>
<status status="PASS" starttime="20211129 21:28:13.572" endtime="20211129 21:28:13.609" critical="yes">All Feature were identical on all devices</status>
</test>
<status status="PASS" starttime="20211129 21:27:29.857" endtime="20211129 21:28:13.611"></status>
</suite>
<statistics>
<total>
<stat pass="3" fail="0">Critical Tests</stat>
<stat pass="3" fail="0">All Tests</stat>
</total>
<tag>
</tag>
<suite>
<stat pass="3" fail="0" id="s1" name="Robot Compare Snapshot">Robot Compare Snapshot</stat>
</suite>
</statistics>
<errors>
<msg timestamp="20211129 21:27:30.626" level="WARN">Could not load the Datafile correctly</msg>
</errors>
</robot>
